{"/Users/rachaeldrennan/Projects/Module4/Palette-Picker/backend/data.js": {"path":"/Users/rachaeldrennan/Projects/Module4/Palette-Picker/backend/data.js","statementMap":{"0":{"start":{"line":1,"column":21},"end":{"line":12,"column":2}},"1":{"start":{"line":14,"column":0},"end":{"line":14,"column":29}}},"fnMap":{},"branchMap":{},"s":{"0":1,"1":1},"f":{},"b":{},"_coverageSchema":"43e27e138ebf9cfc5966b082cf9a028302ed4184","hash":"a451840ee5b1e68a2842e7acff312d84a6aad406"}
,"/Users/rachaeldrennan/Projects/Module4/Palette-Picker/backend/knexfile.js": {"path":"/Users/rachaeldrennan/Projects/Module4/Palette-Picker/backend/knexfile.js","statementMap":{"0":{"start":{"line":1,"column":0},"end":{"line":24,"column":2}}},"fnMap":{},"branchMap":{},"s":{"0":1},"f":{},"b":{},"_coverageSchema":"43e27e138ebf9cfc5966b082cf9a028302ed4184","hash":"848f728ea4806f9f8c263d37867f4adec6ed392d"}
,"/Users/rachaeldrennan/Projects/Module4/Palette-Picker/backend/server.js": {"path":"/Users/rachaeldrennan/Projects/Module4/Palette-Picker/backend/server.js","statementMap":{"0":{"start":{"line":1,"column":16},"end":{"line":1,"column":34}},"1":{"start":{"line":2,"column":19},"end":{"line":2,"column":41}},"2":{"start":{"line":3,"column":20},"end":{"line":3,"column":57}},"3":{"start":{"line":4,"column":22},"end":{"line":4,"column":56}},"4":{"start":{"line":5,"column":17},"end":{"line":5,"column":47}},"5":{"start":{"line":6,"column":12},"end":{"line":6,"column":21}},"6":{"start":{"line":7,"column":13},"end":{"line":7,"column":37}},"7":{"start":{"line":8,"column":13},"end":{"line":8,"column":28}},"8":{"start":{"line":9,"column":0},"end":{"line":9,"column":22}},"9":{"start":{"line":10,"column":0},"end":{"line":10,"column":16}},"10":{"start":{"line":11,"column":0},"end":{"line":11,"column":26}},"11":{"start":{"line":13,"column":0},"end":{"line":15,"column":3}},"12":{"start":{"line":14,"column":2},"end":{"line":14,"column":73}},"13":{"start":{"line":17,"column":0},"end":{"line":25,"column":3}},"14":{"start":{"line":18,"column":2},"end":{"line":24,"column":7}},"15":{"start":{"line":20,"column":6},"end":{"line":20,"column":37}},"16":{"start":{"line":23,"column":6},"end":{"line":23,"column":35}},"17":{"start":{"line":27,"column":0},"end":{"line":38,"column":2}},"18":{"start":{"line":28,"column":2},"end":{"line":37,"column":6}},"19":{"start":{"line":30,"column":6},"end":{"line":33,"column":8}},"20":{"start":{"line":30,"column":27},"end":{"line":30,"column":57}},"21":{"start":{"line":31,"column":11},"end":{"line":33,"column":8}},"22":{"start":{"line":36,"column":6},"end":{"line":36,"column":35}},"23":{"start":{"line":40,"column":0},"end":{"line":48,"column":2}},"24":{"start":{"line":41,"column":2},"end":{"line":47,"column":6}},"25":{"start":{"line":43,"column":6},"end":{"line":43,"column":37}},"26":{"start":{"line":46,"column":6},"end":{"line":46,"column":35}},"27":{"start":{"line":50,"column":0},"end":{"line":56,"column":2}},"28":{"start":{"line":51,"column":2},"end":{"line":55,"column":6}},"29":{"start":{"line":53,"column":6},"end":{"line":54,"column":40}},"30":{"start":{"line":53,"column":27},"end":{"line":53,"column":57}},"31":{"start":{"line":54,"column":11},"end":{"line":54,"column":40}},"32":{"start":{"line":58,"column":0},"end":{"line":64,"column":2}},"33":{"start":{"line":59,"column":2},"end":{"line":63,"column":6}},"34":{"start":{"line":61,"column":6},"end":{"line":62,"column":40}},"35":{"start":{"line":61,"column":19},"end":{"line":61,"column":48}},"36":{"start":{"line":62,"column":11},"end":{"line":62,"column":40}},"37":{"start":{"line":67,"column":0},"end":{"line":77,"column":2}},"38":{"start":{"line":68,"column":18},"end":{"line":68,"column":26}},"39":{"start":{"line":69,"column":2},"end":{"line":73,"column":3}},"40":{"start":{"line":70,"column":4},"end":{"line":72,"column":5}},"41":{"start":{"line":71,"column":6},"end":{"line":71,"column":129}},"42":{"start":{"line":74,"column":2},"end":{"line":76,"column":4}},"43":{"start":{"line":75,"column":4},"end":{"line":75,"column":42}},"44":{"start":{"line":79,"column":0},"end":{"line":89,"column":2}},"45":{"start":{"line":80,"column":18},"end":{"line":80,"column":26}},"46":{"start":{"line":81,"column":2},"end":{"line":85,"column":3}},"47":{"start":{"line":82,"column":4},"end":{"line":84,"column":5}},"48":{"start":{"line":83,"column":6},"end":{"line":83,"column":148}},"49":{"start":{"line":86,"column":2},"end":{"line":88,"column":4}},"50":{"start":{"line":87,"column":4},"end":{"line":87,"column":42}},"51":{"start":{"line":92,"column":0},"end":{"line":101,"column":2}},"52":{"start":{"line":93,"column":2},"end":{"line":100,"column":6}},"53":{"start":{"line":95,"column":6},"end":{"line":96,"column":64}},"54":{"start":{"line":95,"column":20},"end":{"line":95,"column":107}},"55":{"start":{"line":96,"column":11},"end":{"line":96,"column":64}},"56":{"start":{"line":99,"column":6},"end":{"line":99,"column":42}},"57":{"start":{"line":103,"column":0},"end":{"line":117,"column":2}},"58":{"start":{"line":104,"column":17},"end":{"line":104,"column":27}},"59":{"start":{"line":105,"column":25},"end":{"line":105,"column":33}},"60":{"start":{"line":107,"column":2},"end":{"line":116,"column":50}},"61":{"start":{"line":110,"column":4},"end":{"line":114,"column":52}},"62":{"start":{"line":111,"column":6},"end":{"line":113,"column":9}},"63":{"start":{"line":114,"column":11},"end":{"line":114,"column":52}},"64":{"start":{"line":116,"column":18},"end":{"line":116,"column":49}},"65":{"start":{"line":120,"column":0},"end":{"line":127,"column":2}},"66":{"start":{"line":121,"column":17},"end":{"line":121,"column":27}},"67":{"start":{"line":122,"column":2},"end":{"line":122,"column":101}},"68":{"start":{"line":122,"column":11},"end":{"line":122,"column":101}},"69":{"start":{"line":123,"column":2},"end":{"line":126,"column":51}},"70":{"start":{"line":124,"column":14},"end":{"line":124,"column":56}},"71":{"start":{"line":125,"column":14},"end":{"line":125,"column":120}},"72":{"start":{"line":126,"column":18},"end":{"line":126,"column":49}},"73":{"start":{"line":129,"column":0},"end":{"line":143,"column":2}},"74":{"start":{"line":130,"column":17},"end":{"line":130,"column":27}},"75":{"start":{"line":131,"column":19},"end":{"line":131,"column":27}},"76":{"start":{"line":133,"column":2},"end":{"line":141,"column":50}},"77":{"start":{"line":135,"column":4},"end":{"line":139,"column":52}},"78":{"start":{"line":136,"column":6},"end":{"line":138,"column":9}},"79":{"start":{"line":139,"column":11},"end":{"line":139,"column":52}},"80":{"start":{"line":141,"column":18},"end":{"line":141,"column":49}},"81":{"start":{"line":146,"column":0},"end":{"line":146,"column":21}}},"fnMap":{"0":{"name":"(anonymous_0)","decl":{"start":{"line":13,"column":28},"end":{"line":13,"column":29}},"loc":{"start":{"line":13,"column":34},"end":{"line":15,"column":1}},"line":13},"1":{"name":"(anonymous_1)","decl":{"start":{"line":17,"column":28},"end":{"line":17,"column":29}},"loc":{"start":{"line":17,"column":42},"end":{"line":25,"column":1}},"line":17},"2":{"name":"(anonymous_2)","decl":{"start":{"line":19,"column":10},"end":{"line":19,"column":11}},"loc":{"start":{"line":19,"column":22},"end":{"line":21,"column":5}},"line":19},"3":{"name":"(anonymous_3)","decl":{"start":{"line":22,"column":11},"end":{"line":22,"column":12}},"loc":{"start":{"line":22,"column":20},"end":{"line":24,"column":5}},"line":22},"4":{"name":"(anonymous_4)","decl":{"start":{"line":27,"column":32},"end":{"line":27,"column":33}},"loc":{"start":{"line":27,"column":46},"end":{"line":38,"column":1}},"line":27},"5":{"name":"(anonymous_5)","decl":{"start":{"line":29,"column":10},"end":{"line":29,"column":11}},"loc":{"start":{"line":29,"column":22},"end":{"line":34,"column":5}},"line":29},"6":{"name":"(anonymous_6)","decl":{"start":{"line":35,"column":11},"end":{"line":35,"column":12}},"loc":{"start":{"line":35,"column":20},"end":{"line":37,"column":5}},"line":35},"7":{"name":"(anonymous_7)","decl":{"start":{"line":40,"column":28},"end":{"line":40,"column":29}},"loc":{"start":{"line":40,"column":42},"end":{"line":48,"column":1}},"line":40},"8":{"name":"(anonymous_8)","decl":{"start":{"line":42,"column":10},"end":{"line":42,"column":11}},"loc":{"start":{"line":42,"column":22},"end":{"line":44,"column":5}},"line":42},"9":{"name":"(anonymous_9)","decl":{"start":{"line":45,"column":11},"end":{"line":45,"column":12}},"loc":{"start":{"line":45,"column":20},"end":{"line":47,"column":5}},"line":45},"10":{"name":"(anonymous_10)","decl":{"start":{"line":50,"column":32},"end":{"line":50,"column":33}},"loc":{"start":{"line":50,"column":46},"end":{"line":56,"column":1}},"line":50},"11":{"name":"(anonymous_11)","decl":{"start":{"line":52,"column":10},"end":{"line":52,"column":11}},"loc":{"start":{"line":52,"column":22},"end":{"line":55,"column":5}},"line":52},"12":{"name":"(anonymous_12)","decl":{"start":{"line":58,"column":34},"end":{"line":58,"column":35}},"loc":{"start":{"line":58,"column":48},"end":{"line":64,"column":1}},"line":58},"13":{"name":"(anonymous_13)","decl":{"start":{"line":60,"column":10},"end":{"line":60,"column":11}},"loc":{"start":{"line":60,"column":21},"end":{"line":63,"column":5}},"line":60},"14":{"name":"(anonymous_14)","decl":{"start":{"line":67,"column":29},"end":{"line":67,"column":30}},"loc":{"start":{"line":67,"column":43},"end":{"line":77,"column":1}},"line":67},"15":{"name":"(anonymous_15)","decl":{"start":{"line":74,"column":50},"end":{"line":74,"column":51}},"loc":{"start":{"line":74,"column":61},"end":{"line":76,"column":3}},"line":74},"16":{"name":"(anonymous_16)","decl":{"start":{"line":79,"column":29},"end":{"line":79,"column":30}},"loc":{"start":{"line":79,"column":43},"end":{"line":89,"column":1}},"line":79},"17":{"name":"(anonymous_17)","decl":{"start":{"line":86,"column":50},"end":{"line":86,"column":51}},"loc":{"start":{"line":86,"column":61},"end":{"line":88,"column":3}},"line":86},"18":{"name":"(anonymous_18)","decl":{"start":{"line":92,"column":35},"end":{"line":92,"column":36}},"loc":{"start":{"line":92,"column":49},"end":{"line":101,"column":1}},"line":92},"19":{"name":"(anonymous_19)","decl":{"start":{"line":94,"column":10},"end":{"line":94,"column":11}},"loc":{"start":{"line":94,"column":21},"end":{"line":97,"column":5}},"line":94},"20":{"name":"(anonymous_20)","decl":{"start":{"line":98,"column":11},"end":{"line":98,"column":12}},"loc":{"start":{"line":98,"column":20},"end":{"line":100,"column":5}},"line":98},"21":{"name":"(anonymous_21)","decl":{"start":{"line":103,"column":32},"end":{"line":103,"column":33}},"loc":{"start":{"line":103,"column":46},"end":{"line":117,"column":1}},"line":103},"22":{"name":"(anonymous_22)","decl":{"start":{"line":109,"column":8},"end":{"line":109,"column":9}},"loc":{"start":{"line":109,"column":16},"end":{"line":115,"column":3}},"line":109},"23":{"name":"(anonymous_23)","decl":{"start":{"line":116,"column":9},"end":{"line":116,"column":10}},"loc":{"start":{"line":116,"column":18},"end":{"line":116,"column":49}},"line":116},"24":{"name":"(anonymous_24)","decl":{"start":{"line":120,"column":35},"end":{"line":120,"column":36}},"loc":{"start":{"line":120,"column":49},"end":{"line":127,"column":1}},"line":120},"25":{"name":"(anonymous_25)","decl":{"start":{"line":124,"column":8},"end":{"line":124,"column":9}},"loc":{"start":{"line":124,"column":14},"end":{"line":124,"column":56}},"line":124},"26":{"name":"(anonymous_26)","decl":{"start":{"line":125,"column":8},"end":{"line":125,"column":9}},"loc":{"start":{"line":125,"column":14},"end":{"line":125,"column":120}},"line":125},"27":{"name":"(anonymous_27)","decl":{"start":{"line":126,"column":9},"end":{"line":126,"column":10}},"loc":{"start":{"line":126,"column":18},"end":{"line":126,"column":49}},"line":126},"28":{"name":"(anonymous_28)","decl":{"start":{"line":129,"column":32},"end":{"line":129,"column":33}},"loc":{"start":{"line":129,"column":46},"end":{"line":143,"column":1}},"line":129},"29":{"name":"(anonymous_29)","decl":{"start":{"line":134,"column":8},"end":{"line":134,"column":9}},"loc":{"start":{"line":134,"column":16},"end":{"line":140,"column":3}},"line":134},"30":{"name":"(anonymous_30)","decl":{"start":{"line":141,"column":9},"end":{"line":141,"column":10}},"loc":{"start":{"line":141,"column":18},"end":{"line":141,"column":49}},"line":141}},"branchMap":{"0":{"loc":{"start":{"line":3,"column":20},"end":{"line":3,"column":57}},"type":"binary-expr","locations":[{"start":{"line":3,"column":20},"end":{"line":3,"column":40}},{"start":{"line":3,"column":44},"end":{"line":3,"column":57}}],"line":3},"1":{"loc":{"start":{"line":7,"column":13},"end":{"line":7,"column":37}},"type":"binary-expr","locations":[{"start":{"line":7,"column":13},"end":{"line":7,"column":29}},{"start":{"line":7,"column":33},"end":{"line":7,"column":37}}],"line":7},"2":{"loc":{"start":{"line":30,"column":6},"end":{"line":33,"column":8}},"type":"if","locations":[{"start":{"line":30,"column":6},"end":{"line":33,"column":8}},{"start":{"line":30,"column":6},"end":{"line":33,"column":8}}],"line":30},"3":{"loc":{"start":{"line":53,"column":6},"end":{"line":54,"column":40}},"type":"if","locations":[{"start":{"line":53,"column":6},"end":{"line":54,"column":40}},{"start":{"line":53,"column":6},"end":{"line":54,"column":40}}],"line":53},"4":{"loc":{"start":{"line":61,"column":6},"end":{"line":62,"column":40}},"type":"if","locations":[{"start":{"line":61,"column":6},"end":{"line":62,"column":40}},{"start":{"line":61,"column":6},"end":{"line":62,"column":40}}],"line":61},"5":{"loc":{"start":{"line":70,"column":4},"end":{"line":72,"column":5}},"type":"if","locations":[{"start":{"line":70,"column":4},"end":{"line":72,"column":5}},{"start":{"line":70,"column":4},"end":{"line":72,"column":5}}],"line":70},"6":{"loc":{"start":{"line":82,"column":4},"end":{"line":84,"column":5}},"type":"if","locations":[{"start":{"line":82,"column":4},"end":{"line":84,"column":5}},{"start":{"line":82,"column":4},"end":{"line":84,"column":5}}],"line":82},"7":{"loc":{"start":{"line":95,"column":6},"end":{"line":96,"column":64}},"type":"if","locations":[{"start":{"line":95,"column":6},"end":{"line":96,"column":64}},{"start":{"line":95,"column":6},"end":{"line":96,"column":64}}],"line":95},"8":{"loc":{"start":{"line":110,"column":4},"end":{"line":114,"column":52}},"type":"if","locations":[{"start":{"line":110,"column":4},"end":{"line":114,"column":52}},{"start":{"line":110,"column":4},"end":{"line":114,"column":52}}],"line":110},"9":{"loc":{"start":{"line":122,"column":2},"end":{"line":122,"column":101}},"type":"if","locations":[{"start":{"line":122,"column":2},"end":{"line":122,"column":101}},{"start":{"line":122,"column":2},"end":{"line":122,"column":101}}],"line":122},"10":{"loc":{"start":{"line":135,"column":4},"end":{"line":139,"column":52}},"type":"if","locations":[{"start":{"line":135,"column":4},"end":{"line":139,"column":52}},{"start":{"line":135,"column":4},"end":{"line":139,"column":52}}],"line":135}},"s":{"0":1,"1":1,"2":1,"3":1,"4":1,"5":1,"6":1,"7":1,"8":1,"9":1,"10":1,"11":1,"12":0,"13":1,"14":1,"15":0,"16":1,"17":1,"18":0,"19":0,"20":0,"21":0,"22":0,"23":1,"24":1,"25":0,"26":1,"27":1,"28":0,"29":0,"30":0,"31":0,"32":1,"33":0,"34":0,"35":0,"36":0,"37":1,"38":3,"39":3,"40":3,"41":1,"42":2,"43":0,"44":1,"45":4,"46":4,"47":26,"48":2,"49":2,"50":0,"51":1,"52":2,"53":0,"54":0,"55":0,"56":2,"57":1,"58":0,"59":0,"60":0,"61":0,"62":0,"63":0,"64":0,"65":1,"66":0,"67":0,"68":0,"69":0,"70":0,"71":0,"72":0,"73":1,"74":0,"75":0,"76":0,"77":0,"78":0,"79":0,"80":0,"81":1},"f":{"0":0,"1":1,"2":0,"3":1,"4":0,"5":0,"6":0,"7":1,"8":0,"9":1,"10":0,"11":0,"12":0,"13":0,"14":3,"15":0,"16":4,"17":0,"18":2,"19":0,"20":2,"21":0,"22":0,"23":0,"24":0,"25":0,"26":0,"27":0,"28":0,"29":0,"30":0},"b":{"0":[1,0],"1":[1,1],"2":[0,0],"3":[0,0],"4":[0,0],"5":[1,2],"6":[2,24],"7":[0,0],"8":[0,0],"9":[0,0],"10":[0,0]},"_coverageSchema":"43e27e138ebf9cfc5966b082cf9a028302ed4184","hash":"3a6ebe9e29e1d2b7e0a38ede73eaf1d542013d6b"}
,"/Users/rachaeldrennan/Projects/Module4/Palette-Picker/backend/seeds/projects.js": {"path":"/Users/rachaeldrennan/Projects/Module4/Palette-Picker/backend/seeds/projects.js","statementMap":{"0":{"start":{"line":1,"column":21},"end":{"line":1,"column":39}},"1":{"start":{"line":3,"column":22},"end":{"line":19,"column":1}},"2":{"start":{"line":4,"column":2},"end":{"line":18,"column":4}},"3":{"start":{"line":8,"column":26},"end":{"line":8,"column":28}},"4":{"start":{"line":9,"column":6},"end":{"line":16,"column":7}},"5":{"start":{"line":10,"column":6},"end":{"line":15,"column":7}},"6":{"start":{"line":17,"column":4},"end":{"line":17,"column":40}},"7":{"start":{"line":21,"column":22},"end":{"line":31,"column":1}},"8":{"start":{"line":22,"column":2},"end":{"line":30,"column":5}},"9":{"start":{"line":33,"column":0},"end":{"line":45,"column":2}},"10":{"start":{"line":34,"column":2},"end":{"line":44,"column":65}},"11":{"start":{"line":35,"column":16},"end":{"line":35,"column":38}},"12":{"start":{"line":37,"column":28},"end":{"line":37,"column":30}},"13":{"start":{"line":38,"column":6},"end":{"line":40,"column":9}},"14":{"start":{"line":39,"column":8},"end":{"line":39,"column":59}},"15":{"start":{"line":42,"column":6},"end":{"line":42,"column":42}},"16":{"start":{"line":44,"column":20},"end":{"line":44,"column":63}}},"fnMap":{"0":{"name":"(anonymous_0)","decl":{"start":{"line":3,"column":22},"end":{"line":3,"column":23}},"loc":{"start":{"line":3,"column":41},"end":{"line":19,"column":1}},"line":3},"1":{"name":"(anonymous_1)","decl":{"start":{"line":7,"column":8},"end":{"line":7,"column":9}},"loc":{"start":{"line":7,"column":21},"end":{"line":18,"column":3}},"line":7},"2":{"name":"(anonymous_2)","decl":{"start":{"line":9,"column":31},"end":{"line":9,"column":32}},"loc":{"start":{"line":9,"column":42},"end":{"line":16,"column":5}},"line":9},"3":{"name":"(anonymous_3)","decl":{"start":{"line":21,"column":22},"end":{"line":21,"column":23}},"loc":{"start":{"line":21,"column":41},"end":{"line":31,"column":1}},"line":21},"4":{"name":"(anonymous_4)","decl":{"start":{"line":33,"column":15},"end":{"line":33,"column":16}},"loc":{"start":{"line":33,"column":25},"end":{"line":45,"column":1}},"line":33},"5":{"name":"(anonymous_5)","decl":{"start":{"line":35,"column":10},"end":{"line":35,"column":11}},"loc":{"start":{"line":35,"column":16},"end":{"line":35,"column":38}},"line":35},"6":{"name":"(anonymous_6)","decl":{"start":{"line":36,"column":10},"end":{"line":36,"column":11}},"loc":{"start":{"line":36,"column":16},"end":{"line":43,"column":5}},"line":36},"7":{"name":"(anonymous_7)","decl":{"start":{"line":38,"column":27},"end":{"line":38,"column":28}},"loc":{"start":{"line":38,"column":38},"end":{"line":40,"column":7}},"line":38},"8":{"name":"(anonymous_8)","decl":{"start":{"line":44,"column":11},"end":{"line":44,"column":12}},"loc":{"start":{"line":44,"column":20},"end":{"line":44,"column":63}},"line":44}},"branchMap":{},"s":{"0":1,"1":1,"2":0,"3":0,"4":0,"5":0,"6":0,"7":1,"8":0,"9":1,"10":22,"11":0,"12":0,"13":0,"14":0,"15":0,"16":22},"f":{"0":0,"1":0,"2":0,"3":0,"4":22,"5":0,"6":0,"7":0,"8":22},"b":{},"_coverageSchema":"43e27e138ebf9cfc5966b082cf9a028302ed4184","hash":"e180a1eabad5d763c260a331c7a75583125c6a29"}
}
