
{"/Users/raechelodom/Desktop/turing/mod4/palette-picker/be/data.js": {"path":"/Users/raechelodom/Desktop/turing/mod4/palette-picker/be/data.js","statementMap":{"0":{"start":{"line":1,"column":21},"end":{"line":12,"column":2}},"1":{"start":{"line":14,"column":0},"end":{"line":14,"column":29}}},"fnMap":{},"branchMap":{},"s":{"0":1,"1":1},"f":{},"b":{},"_coverageSchema":"43e27e138ebf9cfc5966b082cf9a028302ed4184","hash":"31aa4665a0142feec854ead9124a0e8d9143dae2"}
,"/Users/raechelodom/Desktop/turing/mod4/palette-picker/be/knexfile.js": {"path":"/Users/raechelodom/Desktop/turing/mod4/palette-picker/be/knexfile.js","statementMap":{"0":{"start":{"line":1,"column":0},"end":{"line":24,"column":2}}},"fnMap":{},"branchMap":{},"s":{"0":1},"f":{},"b":{},"_coverageSchema":"43e27e138ebf9cfc5966b082cf9a028302ed4184","hash":"e71951298ca71d3c59e071e48dc154f42c1d01e4"}
,"/Users/raechelodom/Desktop/turing/mod4/palette-picker/be/server.js": {"path":"/Users/raechelodom/Desktop/turing/mod4/palette-picker/be/server.js","statementMap":{"0":{"start":{"line":1,"column":16},"end":{"line":1,"column":34}},"1":{"start":{"line":2,"column":19},"end":{"line":2,"column":41}},"2":{"start":{"line":3,"column":20},"end":{"line":3,"column":57}},"3":{"start":{"line":4,"column":22},"end":{"line":4,"column":56}},"4":{"start":{"line":5,"column":17},"end":{"line":5,"column":47}},"5":{"start":{"line":6,"column":12},"end":{"line":6,"column":21}},"6":{"start":{"line":7,"column":13},"end":{"line":7,"column":37}},"7":{"start":{"line":8,"column":13},"end":{"line":8,"column":28}},"8":{"start":{"line":9,"column":0},"end":{"line":9,"column":22}},"9":{"start":{"line":10,"column":0},"end":{"line":10,"column":16}},"10":{"start":{"line":11,"column":0},"end":{"line":11,"column":26}},"11":{"start":{"line":13,"column":0},"end":{"line":15,"column":3}},"12":{"start":{"line":14,"column":2},"end":{"line":14,"column":73}},"13":{"start":{"line":17,"column":0},"end":{"line":25,"column":3}},"14":{"start":{"line":18,"column":2},"end":{"line":24,"column":7}},"15":{"start":{"line":20,"column":6},"end":{"line":20,"column":37}},"16":{"start":{"line":23,"column":6},"end":{"line":23,"column":35}},"17":{"start":{"line":27,"column":0},"end":{"line":38,"column":2}},"18":{"start":{"line":28,"column":2},"end":{"line":37,"column":6}},"19":{"start":{"line":30,"column":6},"end":{"line":33,"column":8}},"20":{"start":{"line":30,"column":27},"end":{"line":30,"column":57}},"21":{"start":{"line":31,"column":11},"end":{"line":33,"column":8}},"22":{"start":{"line":36,"column":6},"end":{"line":36,"column":35}},"23":{"start":{"line":40,"column":0},"end":{"line":48,"column":2}},"24":{"start":{"line":41,"column":2},"end":{"line":47,"column":6}},"25":{"start":{"line":43,"column":6},"end":{"line":43,"column":37}},"26":{"start":{"line":46,"column":6},"end":{"line":46,"column":35}},"27":{"start":{"line":50,"column":0},"end":{"line":56,"column":2}},"28":{"start":{"line":51,"column":2},"end":{"line":55,"column":6}},"29":{"start":{"line":53,"column":6},"end":{"line":54,"column":40}},"30":{"start":{"line":53,"column":27},"end":{"line":53,"column":57}},"31":{"start":{"line":54,"column":11},"end":{"line":54,"column":40}},"32":{"start":{"line":58,"column":0},"end":{"line":68,"column":2}},"33":{"start":{"line":59,"column":18},"end":{"line":59,"column":26}},"34":{"start":{"line":60,"column":2},"end":{"line":64,"column":3}},"35":{"start":{"line":61,"column":4},"end":{"line":63,"column":5}},"36":{"start":{"line":62,"column":6},"end":{"line":62,"column":129}},"37":{"start":{"line":65,"column":2},"end":{"line":67,"column":4}},"38":{"start":{"line":66,"column":4},"end":{"line":66,"column":42}},"39":{"start":{"line":70,"column":0},"end":{"line":80,"column":2}},"40":{"start":{"line":71,"column":18},"end":{"line":71,"column":26}},"41":{"start":{"line":72,"column":2},"end":{"line":76,"column":3}},"42":{"start":{"line":73,"column":4},"end":{"line":75,"column":5}},"43":{"start":{"line":74,"column":6},"end":{"line":74,"column":148}},"44":{"start":{"line":77,"column":2},"end":{"line":79,"column":4}},"45":{"start":{"line":78,"column":4},"end":{"line":78,"column":42}},"46":{"start":{"line":82,"column":0},"end":{"line":91,"column":2}},"47":{"start":{"line":83,"column":2},"end":{"line":90,"column":6}},"48":{"start":{"line":85,"column":6},"end":{"line":86,"column":64}},"49":{"start":{"line":85,"column":20},"end":{"line":85,"column":107}},"50":{"start":{"line":86,"column":11},"end":{"line":86,"column":64}},"51":{"start":{"line":89,"column":6},"end":{"line":89,"column":42}},"52":{"start":{"line":93,"column":0},"end":{"line":107,"column":2}},"53":{"start":{"line":94,"column":17},"end":{"line":94,"column":27}},"54":{"start":{"line":95,"column":25},"end":{"line":95,"column":33}},"55":{"start":{"line":97,"column":2},"end":{"line":106,"column":50}},"56":{"start":{"line":100,"column":4},"end":{"line":104,"column":52}},"57":{"start":{"line":101,"column":6},"end":{"line":103,"column":9}},"58":{"start":{"line":104,"column":11},"end":{"line":104,"column":52}},"59":{"start":{"line":106,"column":18},"end":{"line":106,"column":49}},"60":{"start":{"line":110,"column":0},"end":{"line":117,"column":2}},"61":{"start":{"line":111,"column":17},"end":{"line":111,"column":27}},"62":{"start":{"line":112,"column":2},"end":{"line":112,"column":101}},"63":{"start":{"line":112,"column":11},"end":{"line":112,"column":101}},"64":{"start":{"line":113,"column":2},"end":{"line":116,"column":51}},"65":{"start":{"line":114,"column":14},"end":{"line":114,"column":56}},"66":{"start":{"line":115,"column":14},"end":{"line":115,"column":120}},"67":{"start":{"line":116,"column":18},"end":{"line":116,"column":49}},"68":{"start":{"line":119,"column":0},"end":{"line":132,"column":2}},"69":{"start":{"line":120,"column":17},"end":{"line":120,"column":27}},"70":{"start":{"line":121,"column":19},"end":{"line":121,"column":27}},"71":{"start":{"line":123,"column":2},"end":{"line":131,"column":50}},"72":{"start":{"line":125,"column":4},"end":{"line":129,"column":52}},"73":{"start":{"line":126,"column":6},"end":{"line":128,"column":9}},"74":{"start":{"line":129,"column":11},"end":{"line":129,"column":52}},"75":{"start":{"line":131,"column":18},"end":{"line":131,"column":49}},"76":{"start":{"line":135,"column":0},"end":{"line":135,"column":21}}},"fnMap":{"0":{"name":"(anonymous_0)","decl":{"start":{"line":13,"column":28},"end":{"line":13,"column":29}},"loc":{"start":{"line":13,"column":34},"end":{"line":15,"column":1}},"line":13},"1":{"name":"(anonymous_1)","decl":{"start":{"line":17,"column":28},"end":{"line":17,"column":29}},"loc":{"start":{"line":17,"column":42},"end":{"line":25,"column":1}},"line":17},"2":{"name":"(anonymous_2)","decl":{"start":{"line":19,"column":10},"end":{"line":19,"column":11}},"loc":{"start":{"line":19,"column":22},"end":{"line":21,"column":5}},"line":19},"3":{"name":"(anonymous_3)","decl":{"start":{"line":22,"column":11},"end":{"line":22,"column":12}},"loc":{"start":{"line":22,"column":20},"end":{"line":24,"column":5}},"line":22},"4":{"name":"(anonymous_4)","decl":{"start":{"line":27,"column":32},"end":{"line":27,"column":33}},"loc":{"start":{"line":27,"column":46},"end":{"line":38,"column":1}},"line":27},"5":{"name":"(anonymous_5)","decl":{"start":{"line":29,"column":10},"end":{"line":29,"column":11}},"loc":{"start":{"line":29,"column":22},"end":{"line":34,"column":5}},"line":29},"6":{"name":"(anonymous_6)","decl":{"start":{"line":35,"column":11},"end":{"line":35,"column":12}},"loc":{"start":{"line":35,"column":20},"end":{"line":37,"column":5}},"line":35},"7":{"name":"(anonymous_7)","decl":{"start":{"line":40,"column":28},"end":{"line":40,"column":29}},"loc":{"start":{"line":40,"column":42},"end":{"line":48,"column":1}},"line":40},"8":{"name":"(anonymous_8)","decl":{"start":{"line":42,"column":10},"end":{"line":42,"column":11}},"loc":{"start":{"line":42,"column":22},"end":{"line":44,"column":5}},"line":42},"9":{"name":"(anonymous_9)","decl":{"start":{"line":45,"column":11},"end":{"line":45,"column":12}},"loc":{"start":{"line":45,"column":20},"end":{"line":47,"column":5}},"line":45},"10":{"name":"(anonymous_10)","decl":{"start":{"line":50,"column":32},"end":{"line":50,"column":33}},"loc":{"start":{"line":50,"column":46},"end":{"line":56,"column":1}},"line":50},"11":{"name":"(anonymous_11)","decl":{"start":{"line":52,"column":10},"end":{"line":52,"column":11}},"loc":{"start":{"line":52,"column":22},"end":{"line":55,"column":5}},"line":52},"12":{"name":"(anonymous_12)","decl":{"start":{"line":58,"column":29},"end":{"line":58,"column":30}},"loc":{"start":{"line":58,"column":43},"end":{"line":68,"column":1}},"line":58},"13":{"name":"(anonymous_13)","decl":{"start":{"line":65,"column":50},"end":{"line":65,"column":51}},"loc":{"start":{"line":65,"column":61},"end":{"line":67,"column":3}},"line":65},"14":{"name":"(anonymous_14)","decl":{"start":{"line":70,"column":29},"end":{"line":70,"column":30}},"loc":{"start":{"line":70,"column":43},"end":{"line":80,"column":1}},"line":70},"15":{"name":"(anonymous_15)","decl":{"start":{"line":77,"column":50},"end":{"line":77,"column":51}},"loc":{"start":{"line":77,"column":61},"end":{"line":79,"column":3}},"line":77},"16":{"name":"(anonymous_16)","decl":{"start":{"line":82,"column":35},"end":{"line":82,"column":36}},"loc":{"start":{"line":82,"column":49},"end":{"line":91,"column":1}},"line":82},"17":{"name":"(anonymous_17)","decl":{"start":{"line":84,"column":10},"end":{"line":84,"column":11}},"loc":{"start":{"line":84,"column":21},"end":{"line":87,"column":5}},"line":84},"18":{"name":"(anonymous_18)","decl":{"start":{"line":88,"column":11},"end":{"line":88,"column":12}},"loc":{"start":{"line":88,"column":20},"end":{"line":90,"column":5}},"line":88},"19":{"name":"(anonymous_19)","decl":{"start":{"line":93,"column":32},"end":{"line":93,"column":33}},"loc":{"start":{"line":93,"column":46},"end":{"line":107,"column":1}},"line":93},"20":{"name":"(anonymous_20)","decl":{"start":{"line":99,"column":8},"end":{"line":99,"column":9}},"loc":{"start":{"line":99,"column":16},"end":{"line":105,"column":3}},"line":99},"21":{"name":"(anonymous_21)","decl":{"start":{"line":106,"column":9},"end":{"line":106,"column":10}},"loc":{"start":{"line":106,"column":18},"end":{"line":106,"column":49}},"line":106},"22":{"name":"(anonymous_22)","decl":{"start":{"line":110,"column":35},"end":{"line":110,"column":36}},"loc":{"start":{"line":110,"column":49},"end":{"line":117,"column":1}},"line":110},"23":{"name":"(anonymous_23)","decl":{"start":{"line":114,"column":8},"end":{"line":114,"column":9}},"loc":{"start":{"line":114,"column":14},"end":{"line":114,"column":56}},"line":114},"24":{"name":"(anonymous_24)","decl":{"start":{"line":115,"column":8},"end":{"line":115,"column":9}},"loc":{"start":{"line":115,"column":14},"end":{"line":115,"column":120}},"line":115},"25":{"name":"(anonymous_25)","decl":{"start":{"line":116,"column":9},"end":{"line":116,"column":10}},"loc":{"start":{"line":116,"column":18},"end":{"line":116,"column":49}},"line":116},"26":{"name":"(anonymous_26)","decl":{"start":{"line":119,"column":32},"end":{"line":119,"column":33}},"loc":{"start":{"line":119,"column":46},"end":{"line":132,"column":1}},"line":119},"27":{"name":"(anonymous_27)","decl":{"start":{"line":124,"column":8},"end":{"line":124,"column":9}},"loc":{"start":{"line":124,"column":16},"end":{"line":130,"column":3}},"line":124},"28":{"name":"(anonymous_28)","decl":{"start":{"line":131,"column":9},"end":{"line":131,"column":10}},"loc":{"start":{"line":131,"column":18},"end":{"line":131,"column":49}},"line":131}},"branchMap":{"0":{"loc":{"start":{"line":3,"column":20},"end":{"line":3,"column":57}},"type":"binary-expr","locations":[{"start":{"line":3,"column":20},"end":{"line":3,"column":40}},{"start":{"line":3,"column":44},"end":{"line":3,"column":57}}],"line":3},"1":{"loc":{"start":{"line":7,"column":13},"end":{"line":7,"column":37}},"type":"binary-expr","locations":[{"start":{"line":7,"column":13},"end":{"line":7,"column":29}},{"start":{"line":7,"column":33},"end":{"line":7,"column":37}}],"line":7},"2":{"loc":{"start":{"line":30,"column":6},"end":{"line":33,"column":8}},"type":"if","locations":[{"start":{"line":30,"column":6},"end":{"line":33,"column":8}},{"start":{"line":30,"column":6},"end":{"line":33,"column":8}}],"line":30},"3":{"loc":{"start":{"line":53,"column":6},"end":{"line":54,"column":40}},"type":"if","locations":[{"start":{"line":53,"column":6},"end":{"line":54,"column":40}},{"start":{"line":53,"column":6},"end":{"line":54,"column":40}}],"line":53},"4":{"loc":{"start":{"line":61,"column":4},"end":{"line":63,"column":5}},"type":"if","locations":[{"start":{"line":61,"column":4},"end":{"line":63,"column":5}},{"start":{"line":61,"column":4},"end":{"line":63,"column":5}}],"line":61},"5":{"loc":{"start":{"line":73,"column":4},"end":{"line":75,"column":5}},"type":"if","locations":[{"start":{"line":73,"column":4},"end":{"line":75,"column":5}},{"start":{"line":73,"column":4},"end":{"line":75,"column":5}}],"line":73},"6":{"loc":{"start":{"line":85,"column":6},"end":{"line":86,"column":64}},"type":"if","locations":[{"start":{"line":85,"column":6},"end":{"line":86,"column":64}},{"start":{"line":85,"column":6},"end":{"line":86,"column":64}}],"line":85},"7":{"loc":{"start":{"line":100,"column":4},"end":{"line":104,"column":52}},"type":"if","locations":[{"start":{"line":100,"column":4},"end":{"line":104,"column":52}},{"start":{"line":100,"column":4},"end":{"line":104,"column":52}}],"line":100},"8":{"loc":{"start":{"line":112,"column":2},"end":{"line":112,"column":101}},"type":"if","locations":[{"start":{"line":112,"column":2},"end":{"line":112,"column":101}},{"start":{"line":112,"column":2},"end":{"line":112,"column":101}}],"line":112},"9":{"loc":{"start":{"line":125,"column":4},"end":{"line":129,"column":52}},"type":"if","locations":[{"start":{"line":125,"column":4},"end":{"line":129,"column":52}},{"start":{"line":125,"column":4},"end":{"line":129,"column":52}}],"line":125}},"s":{"0":1,"1":1,"2":1,"3":1,"4":1,"5":1,"6":1,"7":1,"8":1,"9":1,"10":1,"11":1,"12":1,"13":1,"14":2,"15":2,"16":0,"17":1,"18":4,"19":4,"20":2,"21":2,"22":0,"23":1,"24":2,"25":2,"26":0,"27":1,"28":2,"29":2,"30":2,"31":0,"32":1,"33":3,"34":3,"35":3,"36":1,"37":2,"38":2,"39":1,"40":4,"41":4,"42":26,"43":2,"44":2,"45":2,"46":1,"47":3,"48":3,"49":2,"50":1,"51":0,"52":1,"53":0,"54":0,"55":0,"56":0,"57":0,"58":0,"59":0,"60":1,"61":0,"62":0,"63":0,"64":0,"65":0,"66":0,"67":0,"68":1,"69":1,"70":1,"71":1,"72":0,"73":0,"74":0,"75":1,"76":1},"f":{"0":1,"1":2,"2":2,"3":0,"4":4,"5":4,"6":0,"7":2,"8":2,"9":0,"10":2,"11":2,"12":3,"13":2,"14":4,"15":2,"16":3,"17":3,"18":0,"19":0,"20":0,"21":0,"22":0,"23":0,"24":0,"25":0,"26":1,"27":0,"28":1},"b":{"0":[1,0],"1":[1,1],"2":[2,2],"3":[2,0],"4":[1,2],"5":[2,24],"6":[2,1],"7":[0,0],"8":[0,0],"9":[0,0]},"_coverageSchema":"43e27e138ebf9cfc5966b082cf9a028302ed4184","hash":"534c287fea4b76a08ac7cc20d440a79e778ff390"}
,"/Users/raechelodom/Desktop/turing/mod4/palette-picker/be/seeds/projects.js": {"path":"/Users/raechelodom/Desktop/turing/mod4/palette-picker/be/seeds/projects.js","statementMap":{"0":{"start":{"line":1,"column":21},"end":{"line":1,"column":39}},"1":{"start":{"line":3,"column":22},"end":{"line":19,"column":1}},"2":{"start":{"line":4,"column":2},"end":{"line":18,"column":4}},"3":{"start":{"line":8,"column":26},"end":{"line":8,"column":28}},"4":{"start":{"line":9,"column":6},"end":{"line":16,"column":7}},"5":{"start":{"line":10,"column":6},"end":{"line":15,"column":7}},"6":{"start":{"line":17,"column":4},"end":{"line":17,"column":40}},"7":{"start":{"line":21,"column":22},"end":{"line":31,"column":1}},"8":{"start":{"line":22,"column":2},"end":{"line":30,"column":5}},"9":{"start":{"line":33,"column":0},"end":{"line":45,"column":2}},"10":{"start":{"line":34,"column":2},"end":{"line":44,"column":65}},"11":{"start":{"line":35,"column":16},"end":{"line":35,"column":38}},"12":{"start":{"line":37,"column":28},"end":{"line":37,"column":30}},"13":{"start":{"line":38,"column":6},"end":{"line":40,"column":9}},"14":{"start":{"line":39,"column":8},"end":{"line":39,"column":59}},"15":{"start":{"line":42,"column":6},"end":{"line":42,"column":42}},"16":{"start":{"line":44,"column":20},"end":{"line":44,"column":63}}},"fnMap":{"0":{"name":"(anonymous_0)","decl":{"start":{"line":3,"column":22},"end":{"line":3,"column":23}},"loc":{"start":{"line":3,"column":41},"end":{"line":19,"column":1}},"line":3},"1":{"name":"(anonymous_1)","decl":{"start":{"line":7,"column":8},"end":{"line":7,"column":9}},"loc":{"start":{"line":7,"column":21},"end":{"line":18,"column":3}},"line":7},"2":{"name":"(anonymous_2)","decl":{"start":{"line":9,"column":31},"end":{"line":9,"column":32}},"loc":{"start":{"line":9,"column":42},"end":{"line":16,"column":5}},"line":9},"3":{"name":"(anonymous_3)","decl":{"start":{"line":21,"column":22},"end":{"line":21,"column":23}},"loc":{"start":{"line":21,"column":41},"end":{"line":31,"column":1}},"line":21},"4":{"name":"(anonymous_4)","decl":{"start":{"line":33,"column":15},"end":{"line":33,"column":16}},"loc":{"start":{"line":33,"column":25},"end":{"line":45,"column":1}},"line":33},"5":{"name":"(anonymous_5)","decl":{"start":{"line":35,"column":10},"end":{"line":35,"column":11}},"loc":{"start":{"line":35,"column":16},"end":{"line":35,"column":38}},"line":35},"6":{"name":"(anonymous_6)","decl":{"start":{"line":36,"column":10},"end":{"line":36,"column":11}},"loc":{"start":{"line":36,"column":16},"end":{"line":43,"column":5}},"line":36},"7":{"name":"(anonymous_7)","decl":{"start":{"line":38,"column":27},"end":{"line":38,"column":28}},"loc":{"start":{"line":38,"column":38},"end":{"line":40,"column":7}},"line":38},"8":{"name":"(anonymous_8)","decl":{"start":{"line":44,"column":11},"end":{"line":44,"column":12}},"loc":{"start":{"line":44,"column":20},"end":{"line":44,"column":63}},"line":44}},"branchMap":{},"s":{"0":1,"1":1,"2":22,"3":22,"4":22,"5":22,"6":22,"7":1,"8":22,"9":1,"10":22,"11":22,"12":22,"13":22,"14":22,"15":22,"16":0},"f":{"0":22,"1":22,"2":22,"3":22,"4":22,"5":22,"6":22,"7":22,"8":0},"b":{},"_coverageSchema":"43e27e138ebf9cfc5966b082cf9a028302ed4184","hash":"bc559e01b37f999f0d7c9cf7291e294e70c21e64"}
}
