TN:
SF:/Users/rachaeldrennan/Projects/Module4/Palette-Picker/backend/data.js
FNF:0
FNH:0
DA:1,1
DA:14,1
LF:2
LH:2
BRF:0
BRH:0
end_of_record
TN:
SF:/Users/rachaeldrennan/Projects/Module4/Palette-Picker/backend/knexfile.js
FNF:0
FNH:0
DA:1,1
LF:1
LH:1
BRF:0
BRH:0
end_of_record
TN:
SF:/Users/rachaeldrennan/Projects/Module4/Palette-Picker/backend/server.js
FN:13,(anonymous_0)
FN:17,(anonymous_1)
FN:19,(anonymous_2)
FN:22,(anonymous_3)
FN:27,(anonymous_4)
FN:29,(anonymous_5)
FN:35,(anonymous_6)
FN:40,(anonymous_7)
FN:42,(anonymous_8)
FN:45,(anonymous_9)
FN:50,(anonymous_10)
FN:52,(anonymous_11)
FN:58,(anonymous_12)
FN:60,(anonymous_13)
FN:67,(anonymous_14)
FN:74,(anonymous_15)
FN:79,(anonymous_16)
FN:86,(anonymous_17)
FN:92,(anonymous_18)
FN:94,(anonymous_19)
FN:98,(anonymous_20)
FN:103,(anonymous_21)
FN:109,(anonymous_22)
FN:116,(anonymous_23)
FN:120,(anonymous_24)
FN:124,(anonymous_25)
FN:125,(anonymous_26)
FN:126,(anonymous_27)
FN:129,(anonymous_28)
FN:134,(anonymous_29)
FN:141,(anonymous_30)
FNF:31
FNH:8
FNDA:0,(anonymous_0)
FNDA:1,(anonymous_1)
FNDA:0,(anonymous_2)
FNDA:1,(anonymous_3)
FNDA:0,(anonymous_4)
FNDA:0,(anonymous_5)
FNDA:0,(anonymous_6)
FNDA:1,(anonymous_7)
FNDA:0,(anonymous_8)
FNDA:1,(anonymous_9)
FNDA:0,(anonymous_10)
FNDA:0,(anonymous_11)
FNDA:0,(anonymous_12)
FNDA:0,(anonymous_13)
FNDA:3,(anonymous_14)
FNDA:0,(anonymous_15)
FNDA:4,(anonymous_16)
FNDA:0,(anonymous_17)
FNDA:2,(anonymous_18)
FNDA:0,(anonymous_19)
FNDA:2,(anonymous_20)
FNDA:0,(anonymous_21)
FNDA:0,(anonymous_22)
FNDA:0,(anonymous_23)
FNDA:0,(anonymous_24)
FNDA:0,(anonymous_25)
FNDA:0,(anonymous_26)
FNDA:0,(anonymous_27)
FNDA:0,(anonymous_28)
FNDA:0,(anonymous_29)
FNDA:0,(anonymous_30)
DA:1,1
DA:2,1
DA:3,1
DA:4,1
DA:5,1
DA:6,1
DA:7,1
DA:8,1
DA:9,1
DA:10,1
DA:11,1
DA:13,1
DA:14,0
DA:17,1
DA:18,1
DA:20,0
DA:23,1
DA:27,1
DA:28,0
DA:30,0
DA:31,0
DA:36,0
DA:40,1
DA:41,1
DA:43,0
DA:46,1
DA:50,1
DA:51,0
DA:53,0
DA:54,0
DA:58,1
DA:59,0
DA:61,0
DA:62,0
DA:67,1
DA:68,3
DA:69,3
DA:70,3
DA:71,1
DA:74,2
DA:75,0
DA:79,1
DA:80,4
DA:81,4
DA:82,26
DA:83,2
DA:86,2
DA:87,0
DA:92,1
DA:93,2
DA:95,0
DA:96,0
DA:99,2
DA:103,1
DA:104,0
DA:105,0
DA:107,0
DA:110,0
DA:111,0
DA:114,0
DA:116,0
DA:120,1
DA:121,0
DA:122,0
DA:123,0
DA:124,0
DA:125,0
DA:126,0
DA:129,1
DA:130,0
DA:131,0
DA:133,0
DA:135,0
DA:136,0
DA:139,0
DA:141,0
DA:146,1
LF:77
LH:40
BRDA:3,0,0,1
BRDA:3,0,1,0
BRDA:7,1,0,1
BRDA:7,1,1,1
BRDA:30,2,0,0
BRDA:30,2,1,0
BRDA:53,3,0,0
BRDA:53,3,1,0
BRDA:61,4,0,0
BRDA:61,4,1,0
BRDA:70,5,0,1
BRDA:70,5,1,2
BRDA:82,6,0,2
BRDA:82,6,1,24
BRDA:95,7,0,0
BRDA:95,7,1,0
BRDA:110,8,0,0
BRDA:110,8,1,0
BRDA:122,9,0,0
BRDA:122,9,1,0
BRDA:135,10,0,0
BRDA:135,10,1,0
BRF:22
BRH:7
end_of_record
TN:
SF:/Users/rachaeldrennan/Projects/Module4/Palette-Picker/backend/seeds/projects.js
FN:3,(anonymous_0)
FN:7,(anonymous_1)
FN:9,(anonymous_2)
FN:21,(anonymous_3)
FN:33,(anonymous_4)
FN:35,(anonymous_5)
FN:36,(anonymous_6)
FN:38,(anonymous_7)
FN:44,(anonymous_8)
FNF:9
FNH:2
FNDA:0,(anonymous_0)
FNDA:0,(anonymous_1)
FNDA:0,(anonymous_2)
FNDA:0,(anonymous_3)
FNDA:22,(anonymous_4)
FNDA:0,(anonymous_5)
FNDA:0,(anonymous_6)
FNDA:0,(anonymous_7)
FNDA:22,(anonymous_8)
DA:1,1
DA:3,1
DA:4,0
DA:8,0
DA:9,0
DA:10,0
DA:17,0
DA:21,1
DA:22,0
DA:33,1
DA:34,22
DA:35,0
DA:37,0
DA:38,0
DA:39,0
DA:42,0
DA:44,22
LF:17
LH:6
BRF:0
BRH:0
end_of_record
