TN:
SF:/Users/raechelodom/Desktop/turing/mod4/palette-picker/be/data.js
FNF:0
FNH:0
DA:1,1
DA:14,1
LF:2
LH:2
BRF:0
BRH:0
end_of_record
TN:
SF:/Users/raechelodom/Desktop/turing/mod4/palette-picker/be/knexfile.js
FNF:0
FNH:0
DA:1,1
LF:1
LH:1
BRF:0
BRH:0
end_of_record
TN:
SF:/Users/raechelodom/Desktop/turing/mod4/palette-picker/be/server.js
FN:13,(anonymous_0)
FN:17,(anonymous_1)
FN:19,(anonymous_2)
FN:22,(anonymous_3)
FN:27,(anonymous_4)
FN:29,(anonymous_5)
FN:35,(anonymous_6)
FN:40,(anonymous_7)
FN:42,(anonymous_8)
FN:45,(anonymous_9)
FN:50,(anonymous_10)
FN:52,(anonymous_11)
FN:58,(anonymous_12)
FN:65,(anonymous_13)
FN:70,(anonymous_14)
FN:77,(anonymous_15)
FN:82,(anonymous_16)
FN:84,(anonymous_17)
FN:88,(anonymous_18)
FN:93,(anonymous_19)
FN:99,(anonymous_20)
FN:106,(anonymous_21)
FN:110,(anonymous_22)
FN:114,(anonymous_23)
FN:115,(anonymous_24)
FN:116,(anonymous_25)
FN:119,(anonymous_26)
FN:124,(anonymous_27)
FN:131,(anonymous_28)
FNF:29
FNH:17
FNDA:1,(anonymous_0)
FNDA:1,(anonymous_1)
FNDA:1,(anonymous_2)
FNDA:0,(anonymous_3)
FNDA:1,(anonymous_4)
FNDA:1,(anonymous_5)
FNDA:0,(anonymous_6)
FNDA:1,(anonymous_7)
FNDA:1,(anonymous_8)
FNDA:0,(anonymous_9)
FNDA:1,(anonymous_10)
FNDA:1,(anonymous_11)
FNDA:1,(anonymous_12)
FNDA:1,(anonymous_13)
FNDA:1,(anonymous_14)
FNDA:1,(anonymous_15)
FNDA:1,(anonymous_16)
FNDA:1,(anonymous_17)
FNDA:0,(anonymous_18)
FNDA:0,(anonymous_19)
FNDA:0,(anonymous_20)
FNDA:0,(anonymous_21)
FNDA:0,(anonymous_22)
FNDA:0,(anonymous_23)
FNDA:0,(anonymous_24)
FNDA:0,(anonymous_25)
FNDA:1,(anonymous_26)
FNDA:0,(anonymous_27)
FNDA:1,(anonymous_28)
DA:1,1
DA:2,1
DA:3,1
DA:4,1
DA:5,1
DA:6,1
DA:7,1
DA:9,1
DA:11,1
DA:13,1
DA:14,1
DA:17,1
DA:18,1
DA:20,1
DA:23,0
DA:27,1
DA:28,1
DA:30,1
DA:31,0
DA:36,0
DA:40,1
DA:41,1
DA:43,1
DA:46,0
DA:50,1
DA:51,1
DA:53,1
DA:54,0
DA:58,1
DA:59,1
DA:60,1
DA:61,1
DA:62,0
DA:65,1
DA:66,1
DA:70,1
DA:71,1
DA:72,1
DA:73,7
DA:74,0
DA:77,1
DA:78,1
DA:82,1
DA:83,1
DA:85,1
DA:86,0
DA:89,0
DA:93,1
DA:94,0
DA:95,0
DA:97,0
DA:100,0
DA:101,0
DA:104,0
DA:106,0
DA:110,1
DA:111,0
DA:112,0
DA:113,0
DA:114,0
DA:115,0
DA:116,0
DA:119,1
DA:120,1
DA:121,1
DA:123,1
DA:125,0
DA:126,0
DA:129,0
DA:131,1
DA:135,1
LF:71
LH:46
BRDA:3,0,0,1
BRDA:3,0,1,0
BRDA:7,1,0,1
BRDA:7,1,1,1
BRDA:30,2,0,1
BRDA:30,2,1,0
BRDA:53,3,0,1
BRDA:53,3,1,0
BRDA:61,4,0,0
BRDA:61,4,1,1
BRDA:73,5,0,0
BRDA:73,5,1,7
BRDA:85,6,0,1
BRDA:85,6,1,0
BRDA:100,7,0,0
BRDA:100,7,1,0
BRDA:112,8,0,0
BRDA:112,8,1,0
BRDA:125,9,0,0
BRDA:125,9,1,0
BRF:20
BRH:8
end_of_record
TN:
SF:/Users/raechelodom/Desktop/turing/mod4/palette-picker/be/seeds/projects.js
FN:3,(anonymous_0)
FN:7,(anonymous_1)
FN:9,(anonymous_2)
FN:21,(anonymous_3)
FN:33,(anonymous_4)
FN:35,(anonymous_5)
FN:36,(anonymous_6)
FN:38,(anonymous_7)
FN:44,(anonymous_8)
FNF:9
FNH:8
FNDA:9,(anonymous_0)
FNDA:9,(anonymous_1)
FNDA:9,(anonymous_2)
FNDA:9,(anonymous_3)
FNDA:9,(anonymous_4)
FNDA:9,(anonymous_5)
FNDA:9,(anonymous_6)
FNDA:9,(anonymous_7)
FNDA:0,(anonymous_8)
DA:1,1
DA:3,1
DA:4,9
DA:8,9
DA:9,9
DA:10,9
DA:17,9
DA:21,1
DA:22,9
DA:33,1
DA:34,9
DA:35,9
DA:37,9
DA:38,9
DA:39,9
DA:42,9
DA:44,0
LF:17
LH:16
BRF:0
BRH:0
end_of_record
